<?xml version="1.0" encoding="UTF-8"?>
<testng-results ignored="0" total="1" passed="1" failed="0" skipped="0">
  <reporter-output>
  </reporter-output>
  <suite started-at="2020-11-19T11:45:30 IST" name="Suite" finished-at="2020-11-19T11:45:34 IST" duration-ms="3675">
    <groups>
    </groups>
    <test started-at="2020-11-19T11:45:30 IST" name="Test" finished-at="2020-11-19T11:45:34 IST" duration-ms="3675">
      <class name="Rest.Assured.SpecBuilderTest">
        <test-method signature="display()[pri:0, instance:Rest.Assured.SpecBuilderTest@147ed70f]" started-at="2020-11-19T11:45:30 IST" name="display" finished-at="2020-11-19T11:45:34 IST" duration-ms="3635" status="PASS">
          <reporter-output>
          </reporter-output>
        </test-method> <!-- display -->
      </class> <!-- Rest.Assured.SpecBuilderTest -->
    </test> <!-- Test -->
  </suite> <!-- Suite -->
</testng-results>
